2021-07-14 14:41:38,977 - weather-telegram - INFO - Getting updates
2021-07-14 14:41:38,977 - weather-telegram - DEBUG - URL: https://api.telegram.org/bot1865634714:AAFEDp3haanQbFSK90QQwWqfo6IecIvwETc/getUpdates?timeout=None
2021-07-14 14:41:41,417 - weather-telegram - INFO - Getting updates
2021-07-14 14:41:41,417 - weather-telegram - DEBUG - URL: https://api.telegram.org/bot1865634714:AAFEDp3haanQbFSK90QQwWqfo6IecIvwETc/getUpdates?timeout=None
2021-07-14 14:41:45,691 - weather-telegram - INFO - Getting updates
2021-07-14 14:41:45,691 - weather-telegram - DEBUG - URL: https://api.telegram.org/bot1865634714:AAFEDp3haanQbFSK90QQwWqfo6IecIvwETc/getUpdates?timeout=None
2021-07-14 14:41:47,082 - weather-telegram - INFO - Getting updates
2021-07-14 14:41:47,084 - weather-telegram - DEBUG - URL: https://api.telegram.org/bot1865634714:AAFEDp3haanQbFSK90QQwWqfo6IecIvwETc/getUpdates?timeout=None
2021-07-14 14:41:51,645 - weather-telegram - INFO - Getting updates
2021-07-14 14:41:51,661 - weather-telegram - DEBUG - URL: https://api.telegram.org/bot1865634714:AAFEDp3haanQbFSK90QQwWqfo6IecIvwETc/getUpdates?timeout=None
2021-07-14 14:41:52,840 - weather-telegram - INFO - Getting updates
2021-07-14 14:41:52,841 - weather-telegram - DEBUG - URL: https://api.telegram.org/bot1865634714:AAFEDp3haanQbFSK90QQwWqfo6IecIvwETc/getUpdates?timeout=None
2021-07-14 14:41:58,178 - weather-telegram - INFO - Getting updates
2021-07-14 14:41:58,180 - weather-telegram - DEBUG - URL: https://api.telegram.org/bot1865634714:AAFEDp3haanQbFSK90QQwWqfo6IecIvwETc/getUpdates?timeout=None
2021-07-14 14:41:59,711 - weather-telegram - INFO - Getting updates
2021-07-14 14:41:59,711 - weather-telegram - DEBUG - URL: https://api.telegram.org/bot1865634714:AAFEDp3haanQbFSK90QQwWqfo6IecIvwETc/getUpdates?timeout=None
2021-07-14 14:42:02,184 - weather-telegram - INFO - Getting updates
2021-07-14 14:42:02,184 - weather-telegram - DEBUG - URL: https://api.telegram.org/bot1865634714:AAFEDp3haanQbFSK90QQwWqfo6IecIvwETc/getUpdates?timeout=None&offset=80505731
2021-07-14 14:42:03,513 - weather-telegram - INFO - Getting updates
2021-07-14 14:42:03,513 - weather-telegram - DEBUG - URL: https://api.telegram.org/bot1865634714:AAFEDp3haanQbFSK90QQwWqfo6IecIvwETc/getUpdates?timeout=None&offset=80505731
2021-07-14 14:42:07,919 - weather-telegram - INFO - Getting updates
2021-07-14 14:42:07,919 - weather-telegram - DEBUG - URL: https://api.telegram.org/bot1865634714:AAFEDp3haanQbFSK90QQwWqfo6IecIvwETc/getUpdates?timeout=None&offset=80505731
2021-07-14 14:42:09,091 - weather-telegram - INFO - Getting updates
2021-07-14 14:42:09,091 - weather-telegram - DEBUG - URL: https://api.telegram.org/bot1865634714:AAFEDp3haanQbFSK90QQwWqfo6IecIvwETc/getUpdates?timeout=None&offset=80505731
2021-07-14 14:42:12,085 - weather-telegram - DEBUG - {'keyboard': [[{'text': 'London'}], [{'text': 'Brasov'}], [{'text': 'Share location', 'request_location': True}]], 'one_time_keyboard': True}
2021-07-14 14:42:14,636 - weather-telegram - INFO - Getting updates
2021-07-14 14:42:14,636 - weather-telegram - DEBUG - URL: https://api.telegram.org/bot1865634714:AAFEDp3haanQbFSK90QQwWqfo6IecIvwETc/getUpdates?timeout=None&offset=80505732
2021-07-14 14:42:15,974 - weather-telegram - INFO - Getting updates
2021-07-14 14:42:15,975 - weather-telegram - DEBUG - URL: https://api.telegram.org/bot1865634714:AAFEDp3haanQbFSK90QQwWqfo6IecIvwETc/getUpdates?timeout=None&offset=80505732
2021-07-14 14:42:17,820 - weather-telegram - INFO - Weather requested for London
2021-07-14 14:42:17,820 - weather-telegram - INFO - Requesting weather: http://api.openweathermap.org/data/2.5/weather?appid=ac1f66003fb6cf38d94e6b9312f580f9&units=metric&q=London
2021-07-14 14:42:17,820 - weather-telegram - DEBUG - URL: http://api.openweathermap.org/data/2.5/weather?appid=ac1f66003fb6cf38d94e6b9312f580f9&units=metric&q=London
2021-07-14 14:42:18,531 - weather-telegram - DEBUG - {'coord': {'lon': -0.1257, 'lat': 51.5085}, 'weather': [{'id': 803, 'main': 'Clouds', 'description': 'broken clouds', 'icon': '04d'}], 'base': 'stations', 'main': {'temp': 21.35, 'feels_like': 21.34, 'temp_min': 18.49, 'temp_max': 23.63, 'pressure': 1019, 'humidity': 69}, 'visibility': 10000, 'wind': {'speed': 3.6, 'deg': 330}, 'clouds': {'all': 75}, 'dt': 1626262686, 'sys': {'type': 2, 'id': 268730, 'country': 'GB', 'sunrise': 1626235183, 'sunset': 1626293556}, 'timezone': 3600, 'id': 2643743, 'name': 'London', 'cod': 200}
2021-07-14 14:42:21,215 - weather-telegram - INFO - Getting updates
2021-07-14 14:42:21,215 - weather-telegram - DEBUG - URL: https://api.telegram.org/bot1865634714:AAFEDp3haanQbFSK90QQwWqfo6IecIvwETc/getUpdates?timeout=None&offset=80505733
2021-07-14 14:42:24,091 - weather-telegram - INFO - Getting updates
2021-07-14 14:42:24,091 - weather-telegram - DEBUG - URL: https://api.telegram.org/bot1865634714:AAFEDp3haanQbFSK90QQwWqfo6IecIvwETc/getUpdates?timeout=None&offset=80505733
2021-07-14 14:42:26,137 - weather-telegram - INFO - Getting updates
2021-07-14 14:42:26,137 - weather-telegram - DEBUG - URL: https://api.telegram.org/bot1865634714:AAFEDp3haanQbFSK90QQwWqfo6IecIvwETc/getUpdates?timeout=None&offset=80505733
2021-07-14 14:42:31,257 - weather-telegram - INFO - Getting updates
2021-07-14 14:42:31,257 - weather-telegram - DEBUG - URL: https://api.telegram.org/bot1865634714:AAFEDp3haanQbFSK90QQwWqfo6IecIvwETc/getUpdates?timeout=None&offset=80505733
2021-07-14 14:42:32,802 - weather-telegram - INFO - Getting updates
2021-07-14 14:42:32,802 - weather-telegram - DEBUG - URL: https://api.telegram.org/bot1865634714:AAFEDp3haanQbFSK90QQwWqfo6IecIvwETc/getUpdates?timeout=None&offset=80505733
2021-07-14 14:42:37,145 - weather-telegram - INFO - Getting updates
2021-07-14 14:42:37,146 - weather-telegram - DEBUG - URL: https://api.telegram.org/bot1865634714:AAFEDp3haanQbFSK90QQwWqfo6IecIvwETc/getUpdates?timeout=None&offset=80505733
2021-07-14 14:42:39,395 - weather-telegram - INFO - Getting updates
2021-07-14 14:42:39,396 - weather-telegram - DEBUG - URL: https://api.telegram.org/bot1865634714:AAFEDp3haanQbFSK90QQwWqfo6IecIvwETc/getUpdates?timeout=None&offset=80505733
2021-07-14 14:42:43,843 - weather-telegram - INFO - Getting updates
2021-07-14 14:42:43,844 - weather-telegram - DEBUG - URL: https://api.telegram.org/bot1865634714:AAFEDp3haanQbFSK90QQwWqfo6IecIvwETc/getUpdates?timeout=None&offset=80505733
2021-07-14 14:42:45,078 - weather-telegram - INFO - Getting updates
2021-07-14 14:42:45,079 - weather-telegram - DEBUG - URL: https://api.telegram.org/bot1865634714:AAFEDp3haanQbFSK90QQwWqfo6IecIvwETc/getUpdates?timeout=None&offset=80505733
2021-07-14 14:42:49,378 - weather-telegram - INFO - Getting updates
2021-07-14 14:42:49,378 - weather-telegram - DEBUG - URL: https://api.telegram.org/bot1865634714:AAFEDp3haanQbFSK90QQwWqfo6IecIvwETc/getUpdates?timeout=None&offset=80505733
2021-07-14 14:42:51,145 - weather-telegram - DEBUG - {'keyboard': [[{'text': 'London'}], [{'text': 'Brasov'}], [{'text': 'Share location', 'request_location': True}]], 'one_time_keyboard': True}
2021-07-14 14:42:52,907 - weather-telegram - INFO - Getting updates
2021-07-14 14:42:52,907 - weather-telegram - DEBUG - URL: https://api.telegram.org/bot1865634714:AAFEDp3haanQbFSK90QQwWqfo6IecIvwETc/getUpdates?timeout=None&offset=80505734
2021-07-14 14:42:54,194 - weather-telegram - INFO - Getting updates
2021-07-14 14:42:54,195 - weather-telegram - DEBUG - URL: https://api.telegram.org/bot1865634714:AAFEDp3haanQbFSK90QQwWqfo6IecIvwETc/getUpdates?timeout=None&offset=80505734
2021-07-14 14:42:55,783 - weather-telegram - INFO - Weather requested for Brasov
2021-07-14 14:42:55,784 - weather-telegram - INFO - Requesting weather: http://api.openweathermap.org/data/2.5/weather?appid=ac1f66003fb6cf38d94e6b9312f580f9&units=metric&q=Brasov
2021-07-14 14:42:55,793 - weather-telegram - DEBUG - URL: http://api.openweathermap.org/data/2.5/weather?appid=ac1f66003fb6cf38d94e6b9312f580f9&units=metric&q=Brasov
2021-07-14 14:42:58,094 - weather-telegram - INFO - Getting updates
2021-07-14 14:42:58,094 - weather-telegram - DEBUG - URL: https://api.telegram.org/bot1865634714:AAFEDp3haanQbFSK90QQwWqfo6IecIvwETc/getUpdates?timeout=None&offset=80505735
2021-07-14 14:43:14,777 - weather-telegram - INFO - Getting updates
2021-07-14 14:43:14,777 - weather-telegram - DEBUG - URL: https://api.telegram.org/bot1865634714:AAFEDp3haanQbFSK90QQwWqfo6IecIvwETc/getUpdates?timeout=None&offset=80505735
2021-07-14 14:43:19,293 - weather-telegram - INFO - Getting updates
2021-07-14 14:43:19,293 - weather-telegram - DEBUG - URL: https://api.telegram.org/bot1865634714:AAFEDp3haanQbFSK90QQwWqfo6IecIvwETc/getUpdates?timeout=None&offset=80505735
2021-07-14 14:43:22,903 - weather-telegram - INFO - Getting updates
2021-07-14 14:43:22,903 - weather-telegram - DEBUG - URL: https://api.telegram.org/bot1865634714:AAFEDp3haanQbFSK90QQwWqfo6IecIvwETc/getUpdates?timeout=None&offset=80505735
2021-07-14 14:43:27,270 - weather-telegram - INFO - Getting updates
2021-07-14 14:43:27,270 - weather-telegram - DEBUG - URL: https://api.telegram.org/bot1865634714:AAFEDp3haanQbFSK90QQwWqfo6IecIvwETc/getUpdates?timeout=None&offset=80505735
2021-07-14 14:43:29,090 - weather-telegram - INFO - Getting updates
2021-07-14 14:43:29,090 - weather-telegram - DEBUG - URL: https://api.telegram.org/bot1865634714:AAFEDp3haanQbFSK90QQwWqfo6IecIvwETc/getUpdates?timeout=None&offset=80505735
2021-07-14 14:43:33,433 - weather-telegram - INFO - Getting updates
2021-07-14 14:43:33,433 - weather-telegram - DEBUG - URL: https://api.telegram.org/bot1865634714:AAFEDp3haanQbFSK90QQwWqfo6IecIvwETc/getUpdates?timeout=None&offset=80505735
2021-07-14 14:43:34,900 - weather-telegram - INFO - Getting updates
2021-07-14 14:43:34,900 - weather-telegram - DEBUG - URL: https://api.telegram.org/bot1865634714:AAFEDp3haanQbFSK90QQwWqfo6IecIvwETc/getUpdates?timeout=None&offset=80505735
2021-07-14 14:43:39,250 - weather-telegram - INFO - Getting updates
2021-07-14 14:43:39,250 - weather-telegram - DEBUG - URL: https://api.telegram.org/bot1865634714:AAFEDp3haanQbFSK90QQwWqfo6IecIvwETc/getUpdates?timeout=None&offset=80505735
2021-07-14 14:43:42,833 - weather-telegram - INFO - Getting updates
2021-07-14 14:43:42,833 - weather-telegram - DEBUG - URL: https://api.telegram.org/bot1865634714:AAFEDp3haanQbFSK90QQwWqfo6IecIvwETc/getUpdates?timeout=None&offset=80505735
2021-07-14 14:43:45,779 - weather-telegram - INFO - Getting updates
2021-07-14 14:43:45,779 - weather-telegram - DEBUG - URL: https://api.telegram.org/bot1865634714:AAFEDp3haanQbFSK90QQwWqfo6IecIvwETc/getUpdates?timeout=None&offset=80505735
2021-07-14 14:43:48,977 - weather-telegram - INFO - Getting updates
2021-07-14 14:43:48,977 - weather-telegram - DEBUG - URL: https://api.telegram.org/bot1865634714:AAFEDp3haanQbFSK90QQwWqfo6IecIvwETc/getUpdates?timeout=None&offset=80505735
2021-07-14 14:43:53,679 - weather-telegram - INFO - Getting updates
2021-07-14 14:43:53,679 - weather-telegram - DEBUG - URL: https://api.telegram.org/bot1865634714:AAFEDp3haanQbFSK90QQwWqfo6IecIvwETc/getUpdates?timeout=None&offset=80505735
2021-07-14 14:43:54,868 - weather-telegram - INFO - Getting updates
2021-07-14 14:43:54,868 - weather-telegram - DEBUG - URL: https://api.telegram.org/bot1865634714:AAFEDp3haanQbFSK90QQwWqfo6IecIvwETc/getUpdates?timeout=None&offset=80505735
2021-07-14 14:43:59,065 - weather-telegram - INFO - Getting updates
2021-07-14 14:43:59,065 - weather-telegram - DEBUG - URL: https://api.telegram.org/bot1865634714:AAFEDp3haanQbFSK90QQwWqfo6IecIvwETc/getUpdates?timeout=None&offset=80505735
2021-07-14 14:44:04,045 - weather-telegram - INFO - Getting updates
2021-07-14 14:44:04,045 - weather-telegram - DEBUG - URL: https://api.telegram.org/bot1865634714:AAFEDp3haanQbFSK90QQwWqfo6IecIvwETc/getUpdates?timeout=None&offset=80505735
2021-07-14 14:44:05,987 - weather-telegram - INFO - Getting updates
2021-07-14 14:44:05,987 - weather-telegram - DEBUG - URL: https://api.telegram.org/bot1865634714:AAFEDp3haanQbFSK90QQwWqfo6IecIvwETc/getUpdates?timeout=None&offset=80505735
2021-07-14 14:44:10,683 - weather-telegram - INFO - Getting updates
2021-07-14 14:44:10,683 - weather-telegram - DEBUG - URL: https://api.telegram.org/bot1865634714:AAFEDp3haanQbFSK90QQwWqfo6IecIvwETc/getUpdates?timeout=None&offset=80505735
2021-07-14 14:44:13,645 - weather-telegram - INFO - Getting updates
2021-07-14 14:44:13,645 - weather-telegram - DEBUG - URL: https://api.telegram.org/bot1865634714:AAFEDp3haanQbFSK90QQwWqfo6IecIvwETc/getUpdates?timeout=None&offset=80505735
2021-07-14 14:44:19,280 - weather-telegram - INFO - Getting updates
2021-07-14 14:44:19,280 - weather-telegram - DEBUG - URL: https://api.telegram.org/bot1865634714:AAFEDp3haanQbFSK90QQwWqfo6IecIvwETc/getUpdates?timeout=None&offset=80505735
2021-07-14 14:44:20,732 - weather-telegram - INFO - Getting updates
2021-07-14 14:44:20,732 - weather-telegram - DEBUG - URL: https://api.telegram.org/bot1865634714:AAFEDp3haanQbFSK90QQwWqfo6IecIvwETc/getUpdates?timeout=None&offset=80505735
2021-07-14 14:44:25,014 - weather-telegram - INFO - Getting updates
2021-07-14 14:44:25,014 - weather-telegram - DEBUG - URL: https://api.telegram.org/bot1865634714:AAFEDp3haanQbFSK90QQwWqfo6IecIvwETc/getUpdates?timeout=None&offset=80505735
2021-07-14 14:44:26,295 - weather-telegram - INFO - Getting updates
2021-07-14 14:44:26,295 - weather-telegram - DEBUG - URL: https://api.telegram.org/bot1865634714:AAFEDp3haanQbFSK90QQwWqfo6IecIvwETc/getUpdates?timeout=None&offset=80505735
2021-07-14 14:44:30,761 - weather-telegram - INFO - Getting updates
2021-07-14 14:44:30,761 - weather-telegram - DEBUG - URL: https://api.telegram.org/bot1865634714:AAFEDp3haanQbFSK90QQwWqfo6IecIvwETc/getUpdates?timeout=None&offset=80505735
2021-07-14 14:44:32,546 - weather-telegram - INFO - Getting updates
2021-07-14 14:44:32,546 - weather-telegram - DEBUG - URL: https://api.telegram.org/bot1865634714:AAFEDp3haanQbFSK90QQwWqfo6IecIvwETc/getUpdates?timeout=None&offset=80505735
2021-07-14 14:44:37,397 - weather-telegram - INFO - Getting updates
2021-07-14 14:44:37,397 - weather-telegram - DEBUG - URL: https://api.telegram.org/bot1865634714:AAFEDp3haanQbFSK90QQwWqfo6IecIvwETc/getUpdates?timeout=None&offset=80505735
2021-07-14 14:44:38,608 - weather-telegram - INFO - Getting updates
2021-07-14 14:44:38,608 - weather-telegram - DEBUG - URL: https://api.telegram.org/bot1865634714:AAFEDp3haanQbFSK90QQwWqfo6IecIvwETc/getUpdates?timeout=None&offset=80505735
2021-07-14 14:44:43,406 - weather-telegram - INFO - Getting updates
2021-07-14 14:44:43,406 - weather-telegram - DEBUG - URL: https://api.telegram.org/bot1865634714:AAFEDp3haanQbFSK90QQwWqfo6IecIvwETc/getUpdates?timeout=None&offset=80505735
2021-07-14 14:44:44,583 - weather-telegram - INFO - Getting updates
2021-07-14 14:44:44,583 - weather-telegram - DEBUG - URL: https://api.telegram.org/bot1865634714:AAFEDp3haanQbFSK90QQwWqfo6IecIvwETc/getUpdates?timeout=None&offset=80505735
2021-07-14 14:44:49,214 - weather-telegram - INFO - Getting updates
2021-07-14 14:44:49,214 - weather-telegram - DEBUG - URL: https://api.telegram.org/bot1865634714:AAFEDp3haanQbFSK90QQwWqfo6IecIvwETc/getUpdates?timeout=None&offset=80505735
2021-07-14 14:44:50,738 - weather-telegram - INFO - Getting updates
2021-07-14 14:44:50,738 - weather-telegram - DEBUG - URL: https://api.telegram.org/bot1865634714:AAFEDp3haanQbFSK90QQwWqfo6IecIvwETc/getUpdates?timeout=None&offset=80505735
2021-07-14 14:44:55,329 - weather-telegram - INFO - Getting updates
2021-07-14 14:44:55,345 - weather-telegram - DEBUG - URL: https://api.telegram.org/bot1865634714:AAFEDp3haanQbFSK90QQwWqfo6IecIvwETc/getUpdates?timeout=None&offset=80505735
2021-07-14 14:44:57,746 - weather-telegram - INFO - Getting updates
2021-07-14 14:44:57,746 - weather-telegram - DEBUG - URL: https://api.telegram.org/bot1865634714:AAFEDp3haanQbFSK90QQwWqfo6IecIvwETc/getUpdates?timeout=None&offset=80505735
2021-07-14 14:45:02,288 - weather-telegram - INFO - Getting updates
2021-07-14 14:45:02,288 - weather-telegram - DEBUG - URL: https://api.telegram.org/bot1865634714:AAFEDp3haanQbFSK90QQwWqfo6IecIvwETc/getUpdates?timeout=None&offset=80505735
2021-07-14 14:45:03,525 - weather-telegram - INFO - Getting updates
2021-07-14 14:45:03,525 - weather-telegram - DEBUG - URL: https://api.telegram.org/bot1865634714:AAFEDp3haanQbFSK90QQwWqfo6IecIvwETc/getUpdates?timeout=None&offset=80505735
2021-07-14 14:45:07,826 - weather-telegram - INFO - Getting updates
2021-07-14 14:45:07,826 - weather-telegram - DEBUG - URL: https://api.telegram.org/bot1865634714:AAFEDp3haanQbFSK90QQwWqfo6IecIvwETc/getUpdates?timeout=None&offset=80505735
2021-07-14 14:45:09,234 - weather-telegram - INFO - Getting updates
2021-07-14 14:45:09,234 - weather-telegram - DEBUG - URL: https://api.telegram.org/bot1865634714:AAFEDp3haanQbFSK90QQwWqfo6IecIvwETc/getUpdates?timeout=None&offset=80505735
2021-07-14 14:45:13,561 - weather-telegram - INFO - Getting updates
2021-07-14 14:45:13,561 - weather-telegram - DEBUG - URL: https://api.telegram.org/bot1865634714:AAFEDp3haanQbFSK90QQwWqfo6IecIvwETc/getUpdates?timeout=None&offset=80505735
2021-07-14 14:45:14,725 - weather-telegram - INFO - Getting updates
2021-07-14 14:45:14,725 - weather-telegram - DEBUG - URL: https://api.telegram.org/bot1865634714:AAFEDp3haanQbFSK90QQwWqfo6IecIvwETc/getUpdates?timeout=None&offset=80505735
2021-07-14 14:45:18,975 - weather-telegram - INFO - Getting updates
2021-07-14 14:45:18,975 - weather-telegram - DEBUG - URL: https://api.telegram.org/bot1865634714:AAFEDp3haanQbFSK90QQwWqfo6IecIvwETc/getUpdates?timeout=None&offset=80505735
2021-07-14 14:45:20,725 - weather-telegram - INFO - Getting updates
2021-07-14 14:45:20,725 - weather-telegram - DEBUG - URL: https://api.telegram.org/bot1865634714:AAFEDp3haanQbFSK90QQwWqfo6IecIvwETc/getUpdates?timeout=None&offset=80505735
2021-07-14 14:45:25,027 - weather-telegram - INFO - Getting updates
2021-07-14 14:45:25,027 - weather-telegram - DEBUG - URL: https://api.telegram.org/bot1865634714:AAFEDp3haanQbFSK90QQwWqfo6IecIvwETc/getUpdates?timeout=None&offset=80505735
2021-07-14 14:45:26,307 - weather-telegram - INFO - Getting updates
2021-07-14 14:45:26,307 - weather-telegram - DEBUG - URL: https://api.telegram.org/bot1865634714:AAFEDp3haanQbFSK90QQwWqfo6IecIvwETc/getUpdates?timeout=None&offset=80505735
2021-07-14 14:45:30,969 - weather-telegram - INFO - Getting updates
2021-07-14 14:45:30,969 - weather-telegram - DEBUG - URL: https://api.telegram.org/bot1865634714:AAFEDp3haanQbFSK90QQwWqfo6IecIvwETc/getUpdates?timeout=None&offset=80505735
2021-07-14 14:45:32,251 - weather-telegram - INFO - Getting updates
2021-07-14 14:45:32,251 - weather-telegram - DEBUG - URL: https://api.telegram.org/bot1865634714:AAFEDp3haanQbFSK90QQwWqfo6IecIvwETc/getUpdates?timeout=None&offset=80505735
2021-07-14 14:45:37,302 - weather-telegram - INFO - Getting updates
2021-07-14 14:45:37,302 - weather-telegram - DEBUG - URL: https://api.telegram.org/bot1865634714:AAFEDp3haanQbFSK90QQwWqfo6IecIvwETc/getUpdates?timeout=None&offset=80505735
2021-07-14 14:45:38,647 - weather-telegram - INFO - Getting updates
2021-07-14 14:45:38,647 - weather-telegram - DEBUG - URL: https://api.telegram.org/bot1865634714:AAFEDp3haanQbFSK90QQwWqfo6IecIvwETc/getUpdates?timeout=None&offset=80505735
2021-07-14 14:45:45,124 - weather-telegram - INFO - Getting updates
2021-07-14 14:45:45,124 - weather-telegram - DEBUG - URL: https://api.telegram.org/bot1865634714:AAFEDp3haanQbFSK90QQwWqfo6IecIvwETc/getUpdates?timeout=None&offset=80505735
2021-07-14 14:45:49,595 - weather-telegram - INFO - Getting updates
2021-07-14 14:45:49,595 - weather-telegram - DEBUG - URL: https://api.telegram.org/bot1865634714:AAFEDp3haanQbFSK90QQwWqfo6IecIvwETc/getUpdates?timeout=None&offset=80505735
2021-07-14 14:45:50,816 - weather-telegram - INFO - Getting updates
2021-07-14 14:45:50,816 - weather-telegram - DEBUG - URL: https://api.telegram.org/bot1865634714:AAFEDp3haanQbFSK90QQwWqfo6IecIvwETc/getUpdates?timeout=None&offset=80505735
2021-07-14 14:45:56,045 - weather-telegram - INFO - Getting updates
2021-07-14 14:45:56,045 - weather-telegram - DEBUG - URL: https://api.telegram.org/bot1865634714:AAFEDp3haanQbFSK90QQwWqfo6IecIvwETc/getUpdates?timeout=None&offset=80505735
2021-07-14 14:45:58,583 - weather-telegram - INFO - Getting updates
2021-07-14 14:45:58,583 - weather-telegram - DEBUG - URL: https://api.telegram.org/bot1865634714:AAFEDp3haanQbFSK90QQwWqfo6IecIvwETc/getUpdates?timeout=None&offset=80505735
2021-07-14 14:46:03,534 - weather-telegram - INFO - Getting updates
2021-07-14 14:46:03,534 - weather-telegram - DEBUG - URL: https://api.telegram.org/bot1865634714:AAFEDp3haanQbFSK90QQwWqfo6IecIvwETc/getUpdates?timeout=None&offset=80505735
2021-07-14 14:46:04,669 - weather-telegram - INFO - Getting updates
2021-07-14 14:46:04,669 - weather-telegram - DEBUG - URL: https://api.telegram.org/bot1865634714:AAFEDp3haanQbFSK90QQwWqfo6IecIvwETc/getUpdates?timeout=None&offset=80505735
2021-07-14 14:46:08,940 - weather-telegram - INFO - Getting updates
2021-07-14 14:46:08,940 - weather-telegram - DEBUG - URL: https://api.telegram.org/bot1865634714:AAFEDp3haanQbFSK90QQwWqfo6IecIvwETc/getUpdates?timeout=None&offset=80505735
2021-07-14 14:46:10,383 - weather-telegram - INFO - Getting updates
2021-07-14 14:46:10,383 - weather-telegram - DEBUG - URL: https://api.telegram.org/bot1865634714:AAFEDp3haanQbFSK90QQwWqfo6IecIvwETc/getUpdates?timeout=None&offset=80505735
2021-07-14 14:46:14,565 - weather-telegram - INFO - Getting updates
2021-07-14 14:46:14,596 - weather-telegram - DEBUG - URL: https://api.telegram.org/bot1865634714:AAFEDp3haanQbFSK90QQwWqfo6IecIvwETc/getUpdates?timeout=None&offset=80505735
2021-07-14 14:46:15,950 - weather-telegram - INFO - Getting updates
2021-07-14 14:46:15,950 - weather-telegram - DEBUG - URL: https://api.telegram.org/bot1865634714:AAFEDp3haanQbFSK90QQwWqfo6IecIvwETc/getUpdates?timeout=None&offset=80505735
2021-07-14 14:46:20,410 - weather-telegram - INFO - Getting updates
2021-07-14 14:46:20,410 - weather-telegram - DEBUG - URL: https://api.telegram.org/bot1865634714:AAFEDp3haanQbFSK90QQwWqfo6IecIvwETc/getUpdates?timeout=None&offset=80505735
2021-07-14 14:46:21,703 - weather-telegram - INFO - Getting updates
2021-07-14 14:46:21,703 - weather-telegram - DEBUG - URL: https://api.telegram.org/bot1865634714:AAFEDp3haanQbFSK90QQwWqfo6IecIvwETc/getUpdates?timeout=None&offset=80505735
2021-07-14 14:46:27,180 - weather-telegram - INFO - Getting updates
2021-07-14 14:46:27,180 - weather-telegram - DEBUG - URL: https://api.telegram.org/bot1865634714:AAFEDp3haanQbFSK90QQwWqfo6IecIvwETc/getUpdates?timeout=None&offset=80505735
2021-07-14 14:46:28,897 - weather-telegram - INFO - Getting updates
2021-07-14 14:46:28,897 - weather-telegram - DEBUG - URL: https://api.telegram.org/bot1865634714:AAFEDp3haanQbFSK90QQwWqfo6IecIvwETc/getUpdates?timeout=None&offset=80505735
2021-07-14 14:46:33,222 - weather-telegram - INFO - Getting updates
2021-07-14 14:46:33,222 - weather-telegram - DEBUG - URL: https://api.telegram.org/bot1865634714:AAFEDp3haanQbFSK90QQwWqfo6IecIvwETc/getUpdates?timeout=None&offset=80505735
2021-07-14 14:46:37,739 - weather-telegram - INFO - Getting updates
2021-07-14 14:46:37,739 - weather-telegram - DEBUG - URL: https://api.telegram.org/bot1865634714:AAFEDp3haanQbFSK90QQwWqfo6IecIvwETc/getUpdates?timeout=None&offset=80505735
2021-07-14 14:46:42,124 - weather-telegram - INFO - Getting updates
2021-07-14 14:46:42,124 - weather-telegram - DEBUG - URL: https://api.telegram.org/bot1865634714:AAFEDp3haanQbFSK90QQwWqfo6IecIvwETc/getUpdates?timeout=None&offset=80505735
2021-07-14 14:46:43,611 - weather-telegram - INFO - Getting updates
2021-07-14 14:46:43,611 - weather-telegram - DEBUG - URL: https://api.telegram.org/bot1865634714:AAFEDp3haanQbFSK90QQwWqfo6IecIvwETc/getUpdates?timeout=None&offset=80505735
2021-07-14 14:46:47,828 - weather-telegram - INFO - Getting updates
2021-07-14 14:46:47,828 - weather-telegram - DEBUG - URL: https://api.telegram.org/bot1865634714:AAFEDp3haanQbFSK90QQwWqfo6IecIvwETc/getUpdates?timeout=None&offset=80505735
2021-07-14 14:46:52,144 - weather-telegram - INFO - Getting updates
2021-07-14 14:46:52,144 - weather-telegram - DEBUG - URL: https://api.telegram.org/bot1865634714:AAFEDp3haanQbFSK90QQwWqfo6IecIvwETc/getUpdates?timeout=None&offset=80505735
2021-07-14 14:46:53,535 - weather-telegram - INFO - Getting updates
2021-07-14 14:46:53,535 - weather-telegram - DEBUG - URL: https://api.telegram.org/bot1865634714:AAFEDp3haanQbFSK90QQwWqfo6IecIvwETc/getUpdates?timeout=None&offset=80505735
2021-07-14 14:46:59,121 - weather-telegram - INFO - Getting updates
2021-07-14 14:46:59,121 - weather-telegram - DEBUG - URL: https://api.telegram.org/bot1865634714:AAFEDp3haanQbFSK90QQwWqfo6IecIvwETc/getUpdates?timeout=None&offset=80505735
2021-07-14 14:47:01,476 - weather-telegram - INFO - Getting updates
2021-07-14 14:47:01,476 - weather-telegram - DEBUG - URL: https://api.telegram.org/bot1865634714:AAFEDp3haanQbFSK90QQwWqfo6IecIvwETc/getUpdates?timeout=None&offset=80505735
2021-07-14 14:47:14,130 - weather-telegram - INFO - Getting updates
2021-07-14 14:47:14,130 - weather-telegram - DEBUG - URL: https://api.telegram.org/bot1865634714:AAFEDp3haanQbFSK90QQwWqfo6IecIvwETc/getUpdates?timeout=None&offset=80505735
2021-07-14 14:47:15,565 - weather-telegram - INFO - Getting updates
2021-07-14 14:47:15,565 - weather-telegram - DEBUG - URL: https://api.telegram.org/bot1865634714:AAFEDp3haanQbFSK90QQwWqfo6IecIvwETc/getUpdates?timeout=None&offset=80505735
2021-07-14 14:47:18,840 - weather-telegram - INFO - Getting updates
2021-07-14 14:47:18,840 - weather-telegram - DEBUG - URL: https://api.telegram.org/bot1865634714:AAFEDp3haanQbFSK90QQwWqfo6IecIvwETc/getUpdates?timeout=None&offset=80505735
2021-07-14 14:47:24,634 - weather-telegram - INFO - Getting updates
2021-07-14 14:47:24,634 - weather-telegram - DEBUG - URL: https://api.telegram.org/bot1865634714:AAFEDp3haanQbFSK90QQwWqfo6IecIvwETc/getUpdates?timeout=None&offset=80505735
2021-07-14 14:47:26,667 - weather-telegram - INFO - Getting updates
2021-07-14 14:47:26,667 - weather-telegram - DEBUG - URL: https://api.telegram.org/bot1865634714:AAFEDp3haanQbFSK90QQwWqfo6IecIvwETc/getUpdates?timeout=None&offset=80505735
2021-07-14 14:47:31,593 - weather-telegram - INFO - Getting updates
2021-07-14 14:47:31,593 - weather-telegram - DEBUG - URL: https://api.telegram.org/bot1865634714:AAFEDp3haanQbFSK90QQwWqfo6IecIvwETc/getUpdates?timeout=None&offset=80505735
2021-07-14 14:47:32,828 - weather-telegram - INFO - Getting updates
2021-07-14 14:47:32,828 - weather-telegram - DEBUG - URL: https://api.telegram.org/bot1865634714:AAFEDp3haanQbFSK90QQwWqfo6IecIvwETc/getUpdates?timeout=None&offset=80505735
2021-07-14 14:47:37,240 - weather-telegram - INFO - Getting updates
2021-07-14 14:47:37,240 - weather-telegram - DEBUG - URL: https://api.telegram.org/bot1865634714:AAFEDp3haanQbFSK90QQwWqfo6IecIvwETc/getUpdates?timeout=None&offset=80505735
2021-07-14 14:47:39,003 - weather-telegram - INFO - Getting updates
2021-07-14 14:47:39,003 - weather-telegram - DEBUG - URL: https://api.telegram.org/bot1865634714:AAFEDp3haanQbFSK90QQwWqfo6IecIvwETc/getUpdates?timeout=None&offset=80505735
2021-07-14 14:47:44,495 - weather-telegram - INFO - Getting updates
2021-07-14 14:47:44,495 - weather-telegram - DEBUG - URL: https://api.telegram.org/bot1865634714:AAFEDp3haanQbFSK90QQwWqfo6IecIvwETc/getUpdates?timeout=None&offset=80505735
2021-07-14 14:47:48,392 - weather-telegram - INFO - Getting updates
2021-07-14 14:47:48,392 - weather-telegram - DEBUG - URL: https://api.telegram.org/bot1865634714:AAFEDp3haanQbFSK90QQwWqfo6IecIvwETc/getUpdates?timeout=None&offset=80505735
2021-07-14 14:47:54,331 - weather-telegram - INFO - Getting updates
2021-07-14 14:47:54,331 - weather-telegram - DEBUG - URL: https://api.telegram.org/bot1865634714:AAFEDp3haanQbFSK90QQwWqfo6IecIvwETc/getUpdates?timeout=None&offset=80505735
2021-07-14 14:47:56,205 - weather-telegram - INFO - Getting updates
2021-07-14 14:47:56,205 - weather-telegram - DEBUG - URL: https://api.telegram.org/bot1865634714:AAFEDp3haanQbFSK90QQwWqfo6IecIvwETc/getUpdates?timeout=None&offset=80505735
2021-07-14 14:48:00,597 - weather-telegram - INFO - Getting updates
2021-07-14 14:48:00,597 - weather-telegram - DEBUG - URL: https://api.telegram.org/bot1865634714:AAFEDp3haanQbFSK90QQwWqfo6IecIvwETc/getUpdates?timeout=None&offset=80505735
2021-07-14 14:48:03,317 - weather-telegram - INFO - Getting updates
2021-07-14 14:48:03,317 - weather-telegram - DEBUG - URL: https://api.telegram.org/bot1865634714:AAFEDp3haanQbFSK90QQwWqfo6IecIvwETc/getUpdates?timeout=None&offset=80505735
2021-07-14 14:48:07,956 - weather-telegram - INFO - Getting updates
2021-07-14 14:48:07,956 - weather-telegram - DEBUG - URL: https://api.telegram.org/bot1865634714:AAFEDp3haanQbFSK90QQwWqfo6IecIvwETc/getUpdates?timeout=None&offset=80505735
2021-07-14 14:48:09,853 - weather-telegram - INFO - Getting updates
2021-07-14 14:48:09,853 - weather-telegram - DEBUG - URL: https://api.telegram.org/bot1865634714:AAFEDp3haanQbFSK90QQwWqfo6IecIvwETc/getUpdates?timeout=None&offset=80505735
2021-07-14 14:48:14,280 - weather-telegram - INFO - Getting updates
2021-07-14 14:48:14,280 - weather-telegram - DEBUG - URL: https://api.telegram.org/bot1865634714:AAFEDp3haanQbFSK90QQwWqfo6IecIvwETc/getUpdates?timeout=None&offset=80505735
2021-07-14 14:48:15,524 - weather-telegram - INFO - Getting updates
2021-07-14 14:48:15,524 - weather-telegram - DEBUG - URL: https://api.telegram.org/bot1865634714:AAFEDp3haanQbFSK90QQwWqfo6IecIvwETc/getUpdates?timeout=None&offset=80505735
2021-07-14 14:48:19,932 - weather-telegram - INFO - Getting updates
2021-07-14 14:48:19,933 - weather-telegram - DEBUG - URL: https://api.telegram.org/bot1865634714:AAFEDp3haanQbFSK90QQwWqfo6IecIvwETc/getUpdates?timeout=None&offset=80505735
2021-07-14 14:48:21,664 - weather-telegram - INFO - Getting updates
2021-07-14 14:48:21,664 - weather-telegram - DEBUG - URL: https://api.telegram.org/bot1865634714:AAFEDp3haanQbFSK90QQwWqfo6IecIvwETc/getUpdates?timeout=None&offset=80505735
2021-07-14 14:48:25,966 - weather-telegram - INFO - Getting updates
2021-07-14 14:48:25,966 - weather-telegram - DEBUG - URL: https://api.telegram.org/bot1865634714:AAFEDp3haanQbFSK90QQwWqfo6IecIvwETc/getUpdates?timeout=None&offset=80505735
2021-07-14 14:48:27,234 - weather-telegram - INFO - Getting updates
2021-07-14 14:48:27,234 - weather-telegram - DEBUG - URL: https://api.telegram.org/bot1865634714:AAFEDp3haanQbFSK90QQwWqfo6IecIvwETc/getUpdates?timeout=None&offset=80505735
2021-07-14 14:48:31,759 - weather-telegram - INFO - Getting updates
2021-07-14 14:48:31,759 - weather-telegram - DEBUG - URL: https://api.telegram.org/bot1865634714:AAFEDp3haanQbFSK90QQwWqfo6IecIvwETc/getUpdates?timeout=None&offset=80505735
2021-07-14 14:48:33,066 - weather-telegram - INFO - Getting updates
2021-07-14 14:48:33,066 - weather-telegram - DEBUG - URL: https://api.telegram.org/bot1865634714:AAFEDp3haanQbFSK90QQwWqfo6IecIvwETc/getUpdates?timeout=None&offset=80505735
2021-07-14 14:48:37,289 - weather-telegram - INFO - Getting updates
2021-07-14 14:48:37,289 - weather-telegram - DEBUG - URL: https://api.telegram.org/bot1865634714:AAFEDp3haanQbFSK90QQwWqfo6IecIvwETc/getUpdates?timeout=None&offset=80505735
2021-07-14 14:48:38,533 - weather-telegram - INFO - Getting updates
2021-07-14 14:48:38,539 - weather-telegram - DEBUG - URL: https://api.telegram.org/bot1865634714:AAFEDp3haanQbFSK90QQwWqfo6IecIvwETc/getUpdates?timeout=None&offset=80505735
2021-07-14 14:48:42,758 - weather-telegram - INFO - Getting updates
2021-07-14 14:48:42,758 - weather-telegram - DEBUG - URL: https://api.telegram.org/bot1865634714:AAFEDp3haanQbFSK90QQwWqfo6IecIvwETc/getUpdates?timeout=None&offset=80505735
2021-07-14 14:48:44,172 - weather-telegram - INFO - Getting updates
2021-07-14 14:48:44,172 - weather-telegram - DEBUG - URL: https://api.telegram.org/bot1865634714:AAFEDp3haanQbFSK90QQwWqfo6IecIvwETc/getUpdates?timeout=None&offset=80505735
2021-07-14 14:48:48,675 - weather-telegram - INFO - Getting updates
2021-07-14 14:48:48,675 - weather-telegram - DEBUG - URL: https://api.telegram.org/bot1865634714:AAFEDp3haanQbFSK90QQwWqfo6IecIvwETc/getUpdates?timeout=None&offset=80505735
2021-07-14 14:48:50,149 - weather-telegram - INFO - Getting updates
2021-07-14 14:48:50,149 - weather-telegram - DEBUG - URL: https://api.telegram.org/bot1865634714:AAFEDp3haanQbFSK90QQwWqfo6IecIvwETc/getUpdates?timeout=None&offset=80505735
2021-07-14 14:48:54,350 - weather-telegram - INFO - Getting updates
2021-07-14 14:48:54,350 - weather-telegram - DEBUG - URL: https://api.telegram.org/bot1865634714:AAFEDp3haanQbFSK90QQwWqfo6IecIvwETc/getUpdates?timeout=None&offset=80505735
2021-07-14 14:48:55,517 - weather-telegram - INFO - Getting updates
2021-07-14 14:48:55,522 - weather-telegram - DEBUG - URL: https://api.telegram.org/bot1865634714:AAFEDp3haanQbFSK90QQwWqfo6IecIvwETc/getUpdates?timeout=None&offset=80505735
2021-07-14 14:48:59,860 - weather-telegram - INFO - Getting updates
2021-07-14 14:48:59,866 - weather-telegram - DEBUG - URL: https://api.telegram.org/bot1865634714:AAFEDp3haanQbFSK90QQwWqfo6IecIvwETc/getUpdates?timeout=None&offset=80505735
2021-07-14 14:49:01,896 - weather-telegram - INFO - Getting updates
2021-07-14 14:49:01,898 - weather-telegram - DEBUG - URL: https://api.telegram.org/bot1865634714:AAFEDp3haanQbFSK90QQwWqfo6IecIvwETc/getUpdates?timeout=None&offset=80505735
2021-07-14 14:49:06,506 - weather-telegram - INFO - Getting updates
2021-07-14 14:49:06,511 - weather-telegram - DEBUG - URL: https://api.telegram.org/bot1865634714:AAFEDp3haanQbFSK90QQwWqfo6IecIvwETc/getUpdates?timeout=None&offset=80505735
2021-07-14 14:49:08,053 - weather-telegram - INFO - Getting updates
2021-07-14 14:49:08,058 - weather-telegram - DEBUG - URL: https://api.telegram.org/bot1865634714:AAFEDp3haanQbFSK90QQwWqfo6IecIvwETc/getUpdates?timeout=None&offset=80505735
2021-07-14 14:49:13,064 - weather-telegram - INFO - Getting updates
2021-07-14 14:49:13,070 - weather-telegram - DEBUG - URL: https://api.telegram.org/bot1865634714:AAFEDp3haanQbFSK90QQwWqfo6IecIvwETc/getUpdates?timeout=None&offset=80505735
2021-07-14 14:49:14,521 - weather-telegram - INFO - Getting updates
2021-07-14 14:49:14,522 - weather-telegram - DEBUG - URL: https://api.telegram.org/bot1865634714:AAFEDp3haanQbFSK90QQwWqfo6IecIvwETc/getUpdates?timeout=None&offset=80505735
2021-07-14 14:49:19,149 - weather-telegram - INFO - Getting updates
2021-07-14 14:49:19,150 - weather-telegram - DEBUG - URL: https://api.telegram.org/bot1865634714:AAFEDp3haanQbFSK90QQwWqfo6IecIvwETc/getUpdates?timeout=None&offset=80505735
2021-07-14 14:49:21,703 - weather-telegram - INFO - Getting updates
2021-07-14 14:49:21,704 - weather-telegram - DEBUG - URL: https://api.telegram.org/bot1865634714:AAFEDp3haanQbFSK90QQwWqfo6IecIvwETc/getUpdates?timeout=None&offset=80505735
2021-07-14 14:49:29,531 - weather-telegram - INFO - Getting updates
2021-07-14 14:49:29,531 - weather-telegram - DEBUG - URL: https://api.telegram.org/bot1865634714:AAFEDp3haanQbFSK90QQwWqfo6IecIvwETc/getUpdates?timeout=None&offset=80505735
2021-07-14 14:49:31,176 - weather-telegram - INFO - Getting updates
2021-07-14 14:49:31,176 - weather-telegram - DEBUG - URL: https://api.telegram.org/bot1865634714:AAFEDp3haanQbFSK90QQwWqfo6IecIvwETc/getUpdates?timeout=None&offset=80505735
2021-07-14 14:49:36,728 - weather-telegram - INFO - Getting updates
2021-07-14 14:49:36,728 - weather-telegram - DEBUG - URL: https://api.telegram.org/bot1865634714:AAFEDp3haanQbFSK90QQwWqfo6IecIvwETc/getUpdates?timeout=None&offset=80505735
2021-07-14 14:49:38,959 - weather-telegram - INFO - Getting updates
2021-07-14 14:49:38,959 - weather-telegram - DEBUG - URL: https://api.telegram.org/bot1865634714:AAFEDp3haanQbFSK90QQwWqfo6IecIvwETc/getUpdates?timeout=None&offset=80505735
2021-07-14 14:49:43,975 - weather-telegram - INFO - Getting updates
2021-07-14 14:49:43,975 - weather-telegram - DEBUG - URL: https://api.telegram.org/bot1865634714:AAFEDp3haanQbFSK90QQwWqfo6IecIvwETc/getUpdates?timeout=None&offset=80505735
2021-07-14 14:49:46,440 - weather-telegram - INFO - Getting updates
2021-07-14 14:49:46,440 - weather-telegram - DEBUG - URL: https://api.telegram.org/bot1865634714:AAFEDp3haanQbFSK90QQwWqfo6IecIvwETc/getUpdates?timeout=None&offset=80505735
2021-07-14 14:49:51,453 - weather-telegram - INFO - Getting updates
2021-07-14 14:49:51,454 - weather-telegram - DEBUG - URL: https://api.telegram.org/bot1865634714:AAFEDp3haanQbFSK90QQwWqfo6IecIvwETc/getUpdates?timeout=None&offset=80505735
2021-07-14 14:49:56,338 - weather-telegram - INFO - Getting updates
2021-07-14 14:49:56,338 - weather-telegram - DEBUG - URL: https://api.telegram.org/bot1865634714:AAFEDp3haanQbFSK90QQwWqfo6IecIvwETc/getUpdates?timeout=None&offset=80505735
2021-07-14 14:50:00,578 - weather-telegram - INFO - Getting updates
2021-07-14 14:50:00,579 - weather-telegram - DEBUG - URL: https://api.telegram.org/bot1865634714:AAFEDp3haanQbFSK90QQwWqfo6IecIvwETc/getUpdates?timeout=None&offset=80505735
2021-07-14 14:50:06,012 - weather-telegram - INFO - Getting updates
2021-07-14 14:50:06,012 - weather-telegram - DEBUG - URL: https://api.telegram.org/bot1865634714:AAFEDp3haanQbFSK90QQwWqfo6IecIvwETc/getUpdates?timeout=None&offset=80505735
2021-07-14 14:50:12,194 - weather-telegram - INFO - Getting updates
2021-07-14 14:50:12,194 - weather-telegram - DEBUG - URL: https://api.telegram.org/bot1865634714:AAFEDp3haanQbFSK90QQwWqfo6IecIvwETc/getUpdates?timeout=None&offset=80505735
2021-07-14 14:50:14,963 - weather-telegram - INFO - Getting updates
2021-07-14 14:50:14,965 - weather-telegram - DEBUG - URL: https://api.telegram.org/bot1865634714:AAFEDp3haanQbFSK90QQwWqfo6IecIvwETc/getUpdates?timeout=None&offset=80505735
2021-07-14 14:50:19,216 - weather-telegram - INFO - Getting updates
2021-07-14 14:50:19,218 - weather-telegram - DEBUG - URL: https://api.telegram.org/bot1865634714:AAFEDp3haanQbFSK90QQwWqfo6IecIvwETc/getUpdates?timeout=None&offset=80505735
2021-07-14 14:50:22,157 - weather-telegram - INFO - Getting updates
2021-07-14 14:50:22,158 - weather-telegram - DEBUG - URL: https://api.telegram.org/bot1865634714:AAFEDp3haanQbFSK90QQwWqfo6IecIvwETc/getUpdates?timeout=None&offset=80505735
2021-07-14 14:50:26,585 - weather-telegram - INFO - Getting updates
2021-07-14 14:50:26,586 - weather-telegram - DEBUG - URL: https://api.telegram.org/bot1865634714:AAFEDp3haanQbFSK90QQwWqfo6IecIvwETc/getUpdates?timeout=None&offset=80505735
2021-07-14 14:50:29,281 - weather-telegram - INFO - Getting updates
2021-07-14 14:50:29,281 - weather-telegram - DEBUG - URL: https://api.telegram.org/bot1865634714:AAFEDp3haanQbFSK90QQwWqfo6IecIvwETc/getUpdates?timeout=None&offset=80505735
2021-07-14 14:50:32,780 - weather-telegram - INFO - Getting updates
2021-07-14 14:50:32,781 - weather-telegram - DEBUG - URL: https://api.telegram.org/bot1865634714:AAFEDp3haanQbFSK90QQwWqfo6IecIvwETc/getUpdates?timeout=None&offset=80505736
2021-07-14 14:50:35,718 - weather-telegram - INFO - Getting updates
2021-07-14 14:50:35,719 - weather-telegram - DEBUG - URL: https://api.telegram.org/bot1865634714:AAFEDp3haanQbFSK90QQwWqfo6IecIvwETc/getUpdates?timeout=None&offset=80505736
2021-07-14 14:50:38,713 - weather-telegram - DEBUG - {'keyboard': [[{'text': 'London'}], [{'text': 'Brasov'}], [{'text': 'Share location', 'request_location': True}]], 'one_time_keyboard': True}
2021-07-14 14:50:40,650 - weather-telegram - INFO - Getting updates
2021-07-14 14:50:40,650 - weather-telegram - DEBUG - URL: https://api.telegram.org/bot1865634714:AAFEDp3haanQbFSK90QQwWqfo6IecIvwETc/getUpdates?timeout=None&offset=80505737
2021-07-14 14:50:41,995 - weather-telegram - INFO - Getting updates
2021-07-14 14:50:41,996 - weather-telegram - DEBUG - URL: https://api.telegram.org/bot1865634714:AAFEDp3haanQbFSK90QQwWqfo6IecIvwETc/getUpdates?timeout=None&offset=80505737
2021-07-14 14:50:43,143 - weather-telegram - INFO - Weather requested for London
2021-07-14 14:50:43,143 - weather-telegram - INFO - Requesting weather: http://api.openweathermap.org/data/2.5/weather?appid=ac1f66003fb6cf38d94e6b9312f580f9&units=metric&q=London
2021-07-14 14:50:43,147 - weather-telegram - DEBUG - URL: http://api.openweathermap.org/data/2.5/weather?appid=ac1f66003fb6cf38d94e6b9312f580f9&units=metric&q=London
2021-07-14 14:50:43,556 - weather-telegram - DEBUG - {'coord': {'lon': -0.1257, 'lat': 51.5085}, 'weather': [{'id': 803, 'main': 'Clouds', 'description': 'broken clouds', 'icon': '04d'}], 'base': 'stations', 'main': {'temp': 21.64, 'feels_like': 21.64, 'temp_min': 19.29, 'temp_max': 23.92, 'pressure': 1018, 'humidity': 68}, 'visibility': 10000, 'wind': {'speed': 3.6, 'deg': 330}, 'clouds': {'all': 75}, 'dt': 1626263392, 'sys': {'type': 2, 'id': 268730, 'country': 'GB', 'sunrise': 1626235183, 'sunset': 1626293556}, 'timezone': 3600, 'id': 2643743, 'name': 'London', 'cod': 200}
2021-07-14 14:50:45,192 - weather-telegram - INFO - Getting updates
2021-07-14 14:50:45,193 - weather-telegram - DEBUG - URL: https://api.telegram.org/bot1865634714:AAFEDp3haanQbFSK90QQwWqfo6IecIvwETc/getUpdates?timeout=None&offset=80505738
2021-07-14 14:50:48,150 - weather-telegram - INFO - Getting updates
2021-07-14 14:50:48,150 - weather-telegram - DEBUG - URL: https://api.telegram.org/bot1865634714:AAFEDp3haanQbFSK90QQwWqfo6IecIvwETc/getUpdates?timeout=None&offset=80505738
2021-07-14 14:50:52,483 - weather-telegram - INFO - Getting updates
2021-07-14 14:50:52,483 - weather-telegram - DEBUG - URL: https://api.telegram.org/bot1865634714:AAFEDp3haanQbFSK90QQwWqfo6IecIvwETc/getUpdates?timeout=None&offset=80505738
2021-07-14 14:50:54,839 - weather-telegram - INFO - Getting updates
2021-07-14 14:50:54,840 - weather-telegram - DEBUG - URL: https://api.telegram.org/bot1865634714:AAFEDp3haanQbFSK90QQwWqfo6IecIvwETc/getUpdates?timeout=None&offset=80505738
2021-07-14 14:50:59,236 - weather-telegram - INFO - Getting updates
2021-07-14 14:50:59,237 - weather-telegram - DEBUG - URL: https://api.telegram.org/bot1865634714:AAFEDp3haanQbFSK90QQwWqfo6IecIvwETc/getUpdates?timeout=None&offset=80505738
2021-07-14 14:51:00,094 - weather-telegram - DEBUG - {'keyboard': [[{'text': 'London'}], [{'text': 'Brasov'}], [{'text': 'Share location', 'request_location': True}]], 'one_time_keyboard': True}
2021-07-14 14:51:01,324 - weather-telegram - INFO - Getting updates
2021-07-14 14:51:01,325 - weather-telegram - DEBUG - URL: https://api.telegram.org/bot1865634714:AAFEDp3haanQbFSK90QQwWqfo6IecIvwETc/getUpdates?timeout=None&offset=80505739
2021-07-14 14:51:02,795 - weather-telegram - INFO - Getting updates
2021-07-14 14:51:02,796 - weather-telegram - DEBUG - URL: https://api.telegram.org/bot1865634714:AAFEDp3haanQbFSK90QQwWqfo6IecIvwETc/getUpdates?timeout=None&offset=80505739
2021-07-14 14:51:04,271 - weather-telegram - INFO - Weather requested for London
2021-07-14 14:51:04,271 - weather-telegram - INFO - Requesting weather: http://api.openweathermap.org/data/2.5/weather?appid=ac1f66003fb6cf38d94e6b9312f580f9&units=metric&q=London
2021-07-14 14:51:04,272 - weather-telegram - DEBUG - URL: http://api.openweathermap.org/data/2.5/weather?appid=ac1f66003fb6cf38d94e6b9312f580f9&units=metric&q=London
2021-07-14 14:51:04,826 - weather-telegram - DEBUG - {'coord': {'lon': -0.1257, 'lat': 51.5085}, 'weather': [{'id': 803, 'main': 'Clouds', 'description': 'broken clouds', 'icon': '04d'}], 'base': 'stations', 'main': {'temp': 21.64, 'feels_like': 21.64, 'temp_min': 19.29, 'temp_max': 23.92, 'pressure': 1018, 'humidity': 68}, 'visibility': 10000, 'wind': {'speed': 3.6, 'deg': 330}, 'clouds': {'all': 75}, 'dt': 1626263392, 'sys': {'type': 2, 'id': 268730, 'country': 'GB', 'sunrise': 1626235183, 'sunset': 1626293556}, 'timezone': 3600, 'id': 2643743, 'name': 'London', 'cod': 200}
2021-07-14 14:51:07,392 - weather-telegram - INFO - Getting updates
2021-07-14 14:51:07,394 - weather-telegram - DEBUG - URL: https://api.telegram.org/bot1865634714:AAFEDp3haanQbFSK90QQwWqfo6IecIvwETc/getUpdates?timeout=None&offset=80505740
2021-07-14 14:51:08,937 - weather-telegram - INFO - Getting updates
2021-07-14 14:51:08,938 - weather-telegram - DEBUG - URL: https://api.telegram.org/bot1865634714:AAFEDp3haanQbFSK90QQwWqfo6IecIvwETc/getUpdates?timeout=None&offset=80505740
2021-07-14 14:51:13,372 - weather-telegram - INFO - Getting updates
2021-07-14 14:51:13,373 - weather-telegram - DEBUG - URL: https://api.telegram.org/bot1865634714:AAFEDp3haanQbFSK90QQwWqfo6IecIvwETc/getUpdates?timeout=None&offset=80505740
2021-07-14 14:51:15,064 - weather-telegram - INFO - Getting updates
2021-07-14 14:51:15,065 - weather-telegram - DEBUG - URL: https://api.telegram.org/bot1865634714:AAFEDp3haanQbFSK90QQwWqfo6IecIvwETc/getUpdates?timeout=None&offset=80505740
2021-07-14 14:51:19,419 - weather-telegram - INFO - Getting updates
2021-07-14 14:51:19,419 - weather-telegram - DEBUG - URL: https://api.telegram.org/bot1865634714:AAFEDp3haanQbFSK90QQwWqfo6IecIvwETc/getUpdates?timeout=None&offset=80505740
2021-07-14 14:51:22,168 - weather-telegram - INFO - Getting updates
2021-07-14 14:51:24,856 - weather-telegram - DEBUG - URL: https://api.telegram.org/bot1865634714:AAFEDp3haanQbFSK90QQwWqfo6IecIvwETc/getUpdates?timeout=None&offset=80505740
2021-07-14 14:51:25,528 - weather-telegram - INFO - SIGINT received. Exiting... Bye bye
